<?xml version="1.0" encoding="UTF-8"?>
<!-- Generated by org.testng.reporters.JUnitReportReporter -->
<testsuite hostname="WINDOWS-H1ADOPU" name="com.opit.test.selenium.SouthwestExample" tests="1" failures="0" timestamp="28 May 2016 03:22:27 GMT" time="58.308" errors="0">
  <testcase name="test" time="58.308" classname="com.opit.test.selenium.SouthwestExample"/>
</testsuite> <!-- com.opit.test.selenium.SouthwestExample -->
