<?xml version="1.0" encoding="UTF-8"?>
<!-- Generated by org.testng.reporters.JUnitReportReporter -->
<testsuite hostname="WINDOWS-H1ADOPU" name="com.opit.test.selenium.WikipediaGoogleTestFirefox" tests="2" failures="0" timestamp="28 May 2016 01:39:15 GMT" time="102.645" errors="0">
  <testcase name="testGoogleSearchOnFirefox" time="41.581" classname="com.opit.test.selenium.WikipediaGoogleTestFirefox"/>
  <testcase name="testWikipediaSearchOnFirefox" time="61.064" classname="com.opit.test.selenium.WikipediaGoogleTestFirefox"/>
</testsuite> <!-- com.opit.test.selenium.WikipediaGoogleTestFirefox -->
